This file contains any messages produced by compilers while
running configure, to aid debugging if configure makes a mistake.

It was created by configure, which was
generated by GNU Autoconf 2.59.  Invocation command line was

  $ ./configure --prefix=/usr

## --------- ##
## Platform. ##
## --------- ##

hostname = Halcyon
uname -m = i686
uname -r = 2.6.9-gentoo-r6
uname -s = Linux
uname -v = #7 Sun Nov 28 00:40:14 PST 2004

/usr/bin/uname -p = Intel(R) Pentium(R) M processor 1400MHz
/bin/uname -X     = unknown

/bin/arch              = i686
/usr/bin/arch -k       = unknown
/usr/convex/getsysinfo = unknown
hostinfo               = unknown
/bin/machine           = unknown
/usr/bin/oslevel       = unknown
/bin/universe          = unknown

PATH: /usr/local/bin
PATH: /usr/bin
PATH: /bin
PATH: /opt/bin
PATH: /usr/i686-pc-linux-gnu/gcc-bin/3.3
PATH: /opt/Acrobat5
PATH: /opt/stuffit/bin
PATH: /usr/X11R6/bin
PATH: /opt/sun-jdk-1.4.2.06/bin
PATH: /opt/sun-jdk-1.4.2.06/jre/bin
PATH: /opt/sun-jdk-1.4.2.06/jre/javaws
PATH: /usr/qt/3/bin
PATH: /usr/kde/3.3/bin
PATH: /home/jason/packages/bluepc/bin
PATH: /home/jason/ns-allinone-2.26/bin
PATH: /home/jason/ns-allinone-2.26/tcl8.3.2/unix
PATH: /home/jason/ns-allinone-2.26/tk8.3.2/unix
PATH: /usr/games/bin
PATH: /opt/insight/bin
PATH: /usr/share/karamba/bin
PATH: /opt/xmingw/bin
PATH: /usr/sbin
PATH: /sbin
PATH: /usr/local/bin/
PATH: /usr/local/sbin


## ----------- ##
## Core tests. ##
## ----------- ##

configure:1536: checking for a BSD-compatible install
configure:1591: result: /usr/bin/install -c
configure:1602: checking whether build environment is sane
configure:1645: result: yes
configure:1679: checking for gawk
configure:1695: found /usr/bin/gawk
configure:1705: result: gawk
configure:1715: checking whether make sets $(MAKE)
configure:1735: result: yes
configure:1852: checking for style of include used by make
configure:1880: result: GNU
configure:1930: checking for gcc
configure:1946: found /usr/bin/gcc
configure:1956: result: gcc
configure:2200: checking for C compiler version
configure:2203: gcc --version </dev/null >&5
gcc (GCC) 3.3.4 20040623 (Gentoo Linux 3.3.4-r1, ssp-3.3.2-2, pie-8.7.6)
Copyright (C) 2003 Free Software Foundation, Inc.
This is free software; see the source for copying conditions.  There is NO
warranty; not even for MERCHANTABILITY or FITNESS FOR A PARTICULAR PURPOSE.

configure:2206: $? = 0
configure:2208: gcc -v </dev/null >&5
Reading specs from /usr/lib/gcc-lib/i686-pc-linux-gnu/3.3.4/specs
Configured with: /var/tmp/portage/gcc-3.3.4-r1/work/gcc-3.3.4/configure --prefix=/usr --bindir=/usr/i686-pc-linux-gnu/gcc-bin/3.3 --includedir=/usr/lib/gcc-lib/i686-pc-linux-gnu/3.3.4/include --datadir=/usr/share/gcc-data/i686-pc-linux-gnu/3.3 --mandir=/usr/share/gcc-data/i686-pc-linux-gnu/3.3/man --infodir=/usr/share/gcc-data/i686-pc-linux-gnu/3.3/info --enable-shared --host=i686-pc-linux-gnu --target=i686-pc-linux-gnu --with-system-zlib --enable-languages=c,c++ --enable-threads=posix --enable-long-long --disable-checking --disable-libunwind-exceptions --enable-cstdio=stdio --enable-version-specific-runtime-libs --with-gxx-include-dir=/usr/lib/gcc-lib/i686-pc-linux-gnu/3.3.4/include/g++-v3 --with-local-prefix=/usr/local --enable-shared --enable-nls --without-included-gettext --disable-multilib --enable-__cxa_atexit --enable-clocale=generic
Thread model: posix
gcc version 3.3.4 20040623 (Gentoo Linux 3.3.4-r1, ssp-3.3.2-2, pie-8.7.6)
configure:2211: $? = 0
configure:2213: gcc -V </dev/null >&5
gcc: `-V' option must have argument
configure:2216: $? = 1
configure:2239: checking for C compiler default output file name
configure:2242: gcc    conftest.c  >&5
configure:2245: $? = 0
configure:2291: result: a.out
configure:2296: checking whether the C compiler works
configure:2302: ./a.out
configure:2305: $? = 0
configure:2322: result: yes
configure:2329: checking whether we are cross compiling
configure:2331: result: no
configure:2334: checking for suffix of executables
configure:2336: gcc -o conftest    conftest.c  >&5
configure:2339: $? = 0
configure:2364: result: 
configure:2370: checking for suffix of object files
configure:2391: gcc -c   conftest.c >&5
configure:2394: $? = 0
configure:2416: result: o
configure:2420: checking whether we are using the GNU C compiler
configure:2444: gcc -c   conftest.c >&5
configure:2450: $? = 0
configure:2454: test -z 
			 || test ! -s conftest.err
configure:2457: $? = 0
configure:2460: test -s conftest.o
configure:2463: $? = 0
configure:2476: result: yes
configure:2482: checking whether gcc accepts -g
configure:2503: gcc -c -g  conftest.c >&5
configure:2509: $? = 0
configure:2513: test -z 
			 || test ! -s conftest.err
configure:2516: $? = 0
configure:2519: test -s conftest.o
configure:2522: $? = 0
configure:2533: result: yes
configure:2550: checking for gcc option to accept ANSI C
configure:2620: gcc  -c -g -O2  conftest.c >&5
configure:2626: $? = 0
configure:2630: test -z 
			 || test ! -s conftest.err
configure:2633: $? = 0
configure:2636: test -s conftest.o
configure:2639: $? = 0
configure:2657: result: none needed
configure:2675: gcc -c -g -O2  conftest.c >&5
conftest.c:2: error: syntax error before "me"
configure:2681: $? = 1
configure: failed program was:
| #ifndef __cplusplus
|   choke me
| #endif
configure:2816: checking dependency style of gcc
configure:2878: result: gcc3
configure:2910: checking for pkg-config
configure:2928: found /usr/bin/pkg-config
configure:2941: result: /usr/bin/pkg-config
configure:2964: checking for GLIB - version >= 2.0.0
configure:3083: gcc -o conftest -g -O2 -I/usr/include/glib-2.0 -I/usr/lib/glib-2.0/include     conftest.c -lglib-2.0    >&5
configure:3086: $? = 0
configure:3088: ./conftest
configure:3091: $? = 0
configure:3109: result: yes (version 2.4.8)
configure:3209: checking how to run the C preprocessor
configure:3244: gcc -E  conftest.c
configure:3250: $? = 0
configure:3282: gcc -E  conftest.c
conftest.c:11:28: ac_nonexistent.h: No such file or directory
configure:3288: $? = 1
configure: failed program was:
| /* confdefs.h.  */
| 
| #define PACKAGE_NAME ""
| #define PACKAGE_TARNAME ""
| #define PACKAGE_VERSION ""
| #define PACKAGE_STRING ""
| #define PACKAGE_BUGREPORT ""
| #define PACKAGE "AC_PACKAGE_NAME"
| #define VERSION "AC_PACKAGE_VERSION"
| /* end confdefs.h.  */
| #include <ac_nonexistent.h>
configure:3327: result: gcc -E
configure:3351: gcc -E  conftest.c
configure:3357: $? = 0
configure:3389: gcc -E  conftest.c
conftest.c:11:28: ac_nonexistent.h: No such file or directory
configure:3395: $? = 1
configure: failed program was:
| /* confdefs.h.  */
| 
| #define PACKAGE_NAME ""
| #define PACKAGE_TARNAME ""
| #define PACKAGE_VERSION ""
| #define PACKAGE_STRING ""
| #define PACKAGE_BUGREPORT ""
| #define PACKAGE "AC_PACKAGE_NAME"
| #define VERSION "AC_PACKAGE_VERSION"
| /* end confdefs.h.  */
| #include <ac_nonexistent.h>
configure:3439: checking for egrep
configure:3449: result: grep -E
configure:3454: checking for ANSI C header files
configure:3479: gcc -c -g -O2  conftest.c >&5
configure:3485: $? = 0
configure:3489: test -z 
			 || test ! -s conftest.err
configure:3492: $? = 0
configure:3495: test -s conftest.o
configure:3498: $? = 0
configure:3587: gcc -o conftest -g -O2   conftest.c  >&5
configure:3590: $? = 0
configure:3592: ./conftest
configure:3595: $? = 0
configure:3610: result: yes
configure:3725: checking build system type
configure:3743: result: i686-pc-linux-gnu
configure:3751: checking host system type
configure:3765: result: i686-pc-linux-gnu
configure:3773: checking for a sed that does not truncate output
configure:3827: result: /usr/bin/sed
configure:3841: checking for ld used by gcc
configure:3908: result: /usr/i686-pc-linux-gnu/bin/ld
configure:3917: checking if the linker (/usr/i686-pc-linux-gnu/bin/ld) is GNU ld
configure:3932: result: yes
configure:3937: checking for /usr/i686-pc-linux-gnu/bin/ld option to reload object files
configure:3944: result: -r
configure:3953: checking for BSD-compatible nm
configure:3995: result: /usr/bin/nm -B
configure:3999: checking whether ln -s works
configure:4003: result: yes
configure:4010: checking how to recognise dependent libraries
configure:4193: result: pass_all
configure:4324: gcc -c -g -O2  conftest.c >&5
configure:4327: $? = 0
configure:4433: checking for sys/types.h
configure:4449: gcc -c -g -O2  conftest.c >&5
configure:4455: $? = 0
configure:4459: test -z 
			 || test ! -s conftest.err
configure:4462: $? = 0
configure:4465: test -s conftest.o
configure:4468: $? = 0
configure:4479: result: yes
configure:4433: checking for sys/stat.h
configure:4449: gcc -c -g -O2  conftest.c >&5
configure:4455: $? = 0
configure:4459: test -z 
			 || test ! -s conftest.err
configure:4462: $? = 0
configure:4465: test -s conftest.o
configure:4468: $? = 0
configure:4479: result: yes
configure:4433: checking for stdlib.h
configure:4449: gcc -c -g -O2  conftest.c >&5
configure:4455: $? = 0
configure:4459: test -z 
			 || test ! -s conftest.err
configure:4462: $? = 0
configure:4465: test -s conftest.o
configure:4468: $? = 0
configure:4479: result: yes
configure:4433: checking for string.h
configure:4449: gcc -c -g -O2  conftest.c >&5
configure:4455: $? = 0
configure:4459: test -z 
			 || test ! -s conftest.err
configure:4462: $? = 0
configure:4465: test -s conftest.o
configure:4468: $? = 0
configure:4479: result: yes
configure:4433: checking for memory.h
configure:4449: gcc -c -g -O2  conftest.c >&5
configure:4455: $? = 0
configure:4459: test -z 
			 || test ! -s conftest.err
configure:4462: $? = 0
configure:4465: test -s conftest.o
configure:4468: $? = 0
configure:4479: result: yes
configure:4433: checking for strings.h
configure:4449: gcc -c -g -O2  conftest.c >&5
configure:4455: $? = 0
configure:4459: test -z 
			 || test ! -s conftest.err
configure:4462: $? = 0
configure:4465: test -s conftest.o
configure:4468: $? = 0
configure:4479: result: yes
configure:4433: checking for inttypes.h
configure:4449: gcc -c -g -O2  conftest.c >&5
configure:4455: $? = 0
configure:4459: test -z 
			 || test ! -s conftest.err
configure:4462: $? = 0
configure:4465: test -s conftest.o
configure:4468: $? = 0
configure:4479: result: yes
configure:4433: checking for stdint.h
configure:4449: gcc -c -g -O2  conftest.c >&5
configure:4455: $? = 0
configure:4459: test -z 
			 || test ! -s conftest.err
configure:4462: $? = 0
configure:4465: test -s conftest.o
configure:4468: $? = 0
configure:4479: result: yes
configure:4433: checking for unistd.h
configure:4449: gcc -c -g -O2  conftest.c >&5
configure:4455: $? = 0
configure:4459: test -z 
			 || test ! -s conftest.err
configure:4462: $? = 0
configure:4465: test -s conftest.o
configure:4468: $? = 0
configure:4479: result: yes
configure:4505: checking dlfcn.h usability
configure:4517: gcc -c -g -O2  conftest.c >&5
configure:4523: $? = 0
configure:4527: test -z 
			 || test ! -s conftest.err
configure:4530: $? = 0
configure:4533: test -s conftest.o
configure:4536: $? = 0
configure:4546: result: yes
configure:4550: checking dlfcn.h presence
configure:4560: gcc -E  conftest.c
configure:4566: $? = 0
configure:4586: result: yes
configure:4621: checking for dlfcn.h
configure:4628: result: yes
configure:4693: checking for g++
configure:4709: found /usr/bin/g++
configure:4719: result: g++
configure:4735: checking for C++ compiler version
configure:4738: g++ --version </dev/null >&5
g++ (GCC) 3.3.4 20040623 (Gentoo Linux 3.3.4-r1, ssp-3.3.2-2, pie-8.7.6)
Copyright (C) 2003 Free Software Foundation, Inc.
This is free software; see the source for copying conditions.  There is NO
warranty; not even for MERCHANTABILITY or FITNESS FOR A PARTICULAR PURPOSE.

configure:4741: $? = 0
configure:4743: g++ -v </dev/null >&5
Reading specs from /usr/lib/gcc-lib/i686-pc-linux-gnu/3.3.4/specs
Configured with: /var/tmp/portage/gcc-3.3.4-r1/work/gcc-3.3.4/configure --prefix=/usr --bindir=/usr/i686-pc-linux-gnu/gcc-bin/3.3 --includedir=/usr/lib/gcc-lib/i686-pc-linux-gnu/3.3.4/include --datadir=/usr/share/gcc-data/i686-pc-linux-gnu/3.3 --mandir=/usr/share/gcc-data/i686-pc-linux-gnu/3.3/man --infodir=/usr/share/gcc-data/i686-pc-linux-gnu/3.3/info --enable-shared --host=i686-pc-linux-gnu --target=i686-pc-linux-gnu --with-system-zlib --enable-languages=c,c++ --enable-threads=posix --enable-long-long --disable-checking --disable-libunwind-exceptions --enable-cstdio=stdio --enable-version-specific-runtime-libs --with-gxx-include-dir=/usr/lib/gcc-lib/i686-pc-linux-gnu/3.3.4/include/g++-v3 --with-local-prefix=/usr/local --enable-shared --enable-nls --without-included-gettext --disable-multilib --enable-__cxa_atexit --enable-clocale=generic
Thread model: posix
gcc version 3.3.4 20040623 (Gentoo Linux 3.3.4-r1, ssp-3.3.2-2, pie-8.7.6)
configure:4746: $? = 0
configure:4748: g++ -V </dev/null >&5
g++: `-V' option must have argument
configure:4751: $? = 1
configure:4754: checking whether we are using the GNU C++ compiler
configure:4778: g++ -c   conftest.cc >&5
configure:4784: $? = 0
configure:4788: test -z 
			 || test ! -s conftest.err
configure:4791: $? = 0
configure:4794: test -s conftest.o
configure:4797: $? = 0
configure:4810: result: yes
configure:4816: checking whether g++ accepts -g
configure:4837: g++ -c -g  conftest.cc >&5
configure:4843: $? = 0
configure:4847: test -z 
			 || test ! -s conftest.err
configure:4850: $? = 0
configure:4853: test -s conftest.o
configure:4856: $? = 0
configure:4867: result: yes
configure:4909: g++ -c -g -O2  conftest.cc >&5
configure:4915: $? = 0
configure:4919: test -z 
			 || test ! -s conftest.err
configure:4922: $? = 0
configure:4925: test -s conftest.o
configure:4928: $? = 0
configure:4954: g++ -c -g -O2  conftest.cc >&5
conftest.cc: In function `int main()':
conftest.cc:26: error: `exit' undeclared (first use this function)
conftest.cc:26: error: (Each undeclared identifier is reported only once for 
   each function it appears in.)
configure:4960: $? = 1
configure: failed program was:
| /* confdefs.h.  */
| 
| #define PACKAGE_NAME ""
| #define PACKAGE_TARNAME ""
| #define PACKAGE_VERSION ""
| #define PACKAGE_STRING ""
| #define PACKAGE_BUGREPORT ""
| #define PACKAGE "AC_PACKAGE_NAME"
| #define VERSION "AC_PACKAGE_VERSION"
| #define STDC_HEADERS 1
| #define HAVE_SYS_TYPES_H 1
| #define HAVE_SYS_STAT_H 1
| #define HAVE_STDLIB_H 1
| #define HAVE_STRING_H 1
| #define HAVE_MEMORY_H 1
| #define HAVE_STRINGS_H 1
| #define HAVE_INTTYPES_H 1
| #define HAVE_STDINT_H 1
| #define HAVE_UNISTD_H 1
| #define HAVE_DLFCN_H 1
| /* end confdefs.h.  */
| 
| int
| main ()
| {
| exit (42);
|   ;
|   return 0;
| }
configure:4909: g++ -c -g -O2  conftest.cc >&5
configure:4915: $? = 0
configure:4919: test -z 
			 || test ! -s conftest.err
configure:4922: $? = 0
configure:4925: test -s conftest.o
configure:4928: $? = 0
configure:4954: g++ -c -g -O2  conftest.cc >&5
configure:4960: $? = 0
configure:4964: test -z 
			 || test ! -s conftest.err
configure:4967: $? = 0
configure:4970: test -s conftest.o
configure:4973: $? = 0
configure:4998: checking dependency style of g++
configure:5060: result: gcc3
configure:5070: checking how to run the C++ preprocessor
configure:5101: g++ -E  conftest.cc
configure:5107: $? = 0
configure:5139: g++ -E  conftest.cc
conftest.cc:25:28: ac_nonexistent.h: No such file or directory
configure:5145: $? = 1
configure: failed program was:
| /* confdefs.h.  */
| 
| #define PACKAGE_NAME ""
| #define PACKAGE_TARNAME ""
| #define PACKAGE_VERSION ""
| #define PACKAGE_STRING ""
| #define PACKAGE_BUGREPORT ""
| #define PACKAGE "AC_PACKAGE_NAME"
| #define VERSION "AC_PACKAGE_VERSION"
| #define STDC_HEADERS 1
| #define HAVE_SYS_TYPES_H 1
| #define HAVE_SYS_STAT_H 1
| #define HAVE_STDLIB_H 1
| #define HAVE_STRING_H 1
| #define HAVE_MEMORY_H 1
| #define HAVE_STRINGS_H 1
| #define HAVE_INTTYPES_H 1
| #define HAVE_STDINT_H 1
| #define HAVE_UNISTD_H 1
| #define HAVE_DLFCN_H 1
| #ifdef __cplusplus
| extern "C" void std::exit (int) throw (); using std::exit;
| #endif
| /* end confdefs.h.  */
| #include <ac_nonexistent.h>
configure:5184: result: g++ -E
configure:5208: g++ -E  conftest.cc
configure:5214: $? = 0
configure:5246: g++ -E  conftest.cc
conftest.cc:25:28: ac_nonexistent.h: No such file or directory
configure:5252: $? = 1
configure: failed program was:
| /* confdefs.h.  */
| 
| #define PACKAGE_NAME ""
| #define PACKAGE_TARNAME ""
| #define PACKAGE_VERSION ""
| #define PACKAGE_STRING ""
| #define PACKAGE_BUGREPORT ""
| #define PACKAGE "AC_PACKAGE_NAME"
| #define VERSION "AC_PACKAGE_VERSION"
| #define STDC_HEADERS 1
| #define HAVE_SYS_TYPES_H 1
| #define HAVE_SYS_STAT_H 1
| #define HAVE_STDLIB_H 1
| #define HAVE_STRING_H 1
| #define HAVE_MEMORY_H 1
| #define HAVE_STRINGS_H 1
| #define HAVE_INTTYPES_H 1
| #define HAVE_STDINT_H 1
| #define HAVE_UNISTD_H 1
| #define HAVE_DLFCN_H 1
| #ifdef __cplusplus
| extern "C" void std::exit (int) throw (); using std::exit;
| #endif
| /* end confdefs.h.  */
| #include <ac_nonexistent.h>
configure:5347: checking for g77
configure:5376: result: no
configure:5347: checking for f77
configure:5376: result: no
configure:5347: checking for xlf
configure:5376: result: no
configure:5347: checking for frt
configure:5376: result: no
configure:5347: checking for pgf77
configure:5376: result: no
configure:5347: checking for fort77
configure:5376: result: no
configure:5347: checking for fl32
configure:5376: result: no
configure:5347: checking for af77
configure:5376: result: no
configure:5347: checking for f90
configure:5376: result: no
configure:5347: checking for xlf90
configure:5376: result: no
configure:5347: checking for pgf90
configure:5376: result: no
configure:5347: checking for epcf90
configure:5376: result: no
configure:5347: checking for f95
configure:5376: result: no
configure:5347: checking for fort
configure:5376: result: no
configure:5347: checking for xlf95
configure:5376: result: no
configure:5347: checking for ifc
configure:5376: result: no
configure:5347: checking for efc
configure:5376: result: no
configure:5347: checking for pgf95
configure:5376: result: no
configure:5347: checking for lf95
configure:5376: result: no
configure:5347: checking for gfortran
configure:5376: result: no
configure:5388: checking for Fortran 77 compiler version
configure:5391:  --version </dev/null >&5
./configure: line 5392: --version: command not found
configure:5394: $? = 127
configure:5396:  -v </dev/null >&5
./configure: line 5397: -v: command not found
configure:5399: $? = 127
configure:5401:  -V </dev/null >&5
./configure: line 5402: -V: command not found
configure:5404: $? = 127
configure:5412: checking whether we are using the GNU Fortran 77 compiler
configure:5426:  -c  conftest.F >&5
./configure: line 5427: -c: command not found
configure:5432: $? = 127
configure: failed program was:
|       program main
| #ifndef __GNUC__
|        choke me
| #endif
| 
|       end
configure:5458: result: no
configure:5464: checking whether  accepts -g
configure:5476:  -c -g conftest.f >&5
./configure: line 5477: -c: command not found
configure:5482: $? = 127
configure: failed program was:
|       program main
| 
|       end
configure:5507: result: no
configure:5537: checking the maximum length of command line arguments
configure:5602: result: 32768
configure:5613: checking command to parse /usr/bin/nm -B output from gcc object
configure:5702: gcc -c -g -O2  conftest.c >&5
configure:5705: $? = 0
configure:5709: /usr/bin/nm -B conftest.o \| sed -n -e 's/^.*[ 	]\([ABCDGIRSTW][ABCDGIRSTW]*\)[ 	][ 	]*\(\)\([_A-Za-z][_A-Za-z0-9]*\)$/\1 \2\3 \3/p' \> conftest.nm
configure:5712: $? = 0
configure:5764: gcc -o conftest -g -O2   conftest.c conftstm.o >&5
configure:5767: $? = 0
configure:5805: result: ok
configure:5809: checking for objdir
configure:5824: result: .libs
configure:5914: checking for ar
configure:5930: found /usr/bin/ar
configure:5941: result: ar
configure:5994: checking for ranlib
configure:6010: found /usr/bin/ranlib
configure:6021: result: ranlib
configure:6074: checking for strip
configure:6090: found /usr/bin/strip
configure:6101: result: strip
configure:6363: checking if gcc static flag  works
configure:6386: result: yes
configure:6404: checking if gcc supports -fno-rtti -fno-exceptions
configure:6422: gcc -c -g -O2  -fno-rtti -fno-exceptions conftest.c >&5
cc1: warning: "-fno-rtti" is valid for C++ but not for C/ObjC
configure:6426: $? = 0
configure:6437: result: no
configure:6452: checking for gcc option to produce PIC
configure:6629: result: -fPIC
configure:6637: checking if gcc PIC flag -fPIC works
configure:6655: gcc -c -g -O2  -fPIC -DPIC conftest.c >&5
configure:6659: $? = 0
configure:6670: result: yes
configure:6694: checking if gcc supports -c -o file.o
configure:6715: gcc -c -g -O2  -o out/conftest2.o conftest.c >&5
configure:6719: $? = 0
configure:6739: result: yes
configure:6765: checking whether the gcc linker (/usr/i686-pc-linux-gnu/bin/ld) supports shared libraries
configure:7613: result: yes
configure:7639: checking whether -lc should be explicitly linked in
configure:7644: gcc -c -g -O2  conftest.c >&5
configure:7647: $? = 0
configure:7661: gcc -shared conftest.o  -v -Wl,-soname -Wl,conftest -o conftest 2\>\&1 \| grep  -lc  \>/dev/null 2\>\&1
configure:7664: $? = 0
configure:7676: result: no
configure:7684: checking dynamic linker characteristics
configure:8279: result: GNU/Linux ld.so
configure:8283: checking how to hardcode library paths into programs
configure:8308: result: immediate
configure:8322: checking whether stripping libraries is possible
configure:8327: result: yes
configure:9157: checking if libtool supports shared libraries
configure:9159: result: yes
configure:9162: checking whether to build shared libraries
configure:9220: result: yes
configure:9223: checking whether to build static libraries
configure:9227: result: no
configure:19449: checking for an ANSI C-conforming const
configure:19516: gcc -c -g -O2  conftest.c >&5
configure:19522: $? = 0
configure:19526: test -z 
			 || test ! -s conftest.err
configure:19529: $? = 0
configure:19532: test -s conftest.o
configure:19535: $? = 0
configure:19546: result: yes
configure:19556: checking for size_t
configure:19580: gcc -c -g -O2  conftest.c >&5
configure:19586: $? = 0
configure:19590: test -z 
			 || test ! -s conftest.err
configure:19593: $? = 0
configure:19596: test -s conftest.o
configure:19599: $? = 0
configure:19610: result: yes
configure:19630: checking for strdup
configure:19687: gcc -o conftest -g -O2   conftest.c  >&5
configure:19693: $? = 0
configure:19697: test -z 
			 || test ! -s conftest.err
configure:19700: $? = 0
configure:19703: test -s conftest
configure:19706: $? = 0
configure:19718: result: yes
configure:19630: checking for strerror
configure:19687: gcc -o conftest -g -O2   conftest.c  >&5
configure:19693: $? = 0
configure:19697: test -z 
			 || test ! -s conftest.err
configure:19700: $? = 0
configure:19703: test -s conftest
configure:19706: $? = 0
configure:19718: result: yes
configure:19630: checking for strstr
configure:19687: gcc -o conftest -g -O2   conftest.c  >&5
conftest.c:52: warning: conflicting types for built-in function `strstr'
configure:19693: $? = 0
configure:19697: test -z 
			 || test ! -s conftest.err
configure:19700: $? = 0
configure:19703: test -s conftest
configure:19706: $? = 0
configure:19718: result: yes
configure:19630: checking for strtoul
configure:19687: gcc -o conftest -g -O2   conftest.c  >&5
configure:19693: $? = 0
configure:19697: test -z 
			 || test ! -s conftest.err
configure:19700: $? = 0
configure:19703: test -s conftest
configure:19706: $? = 0
configure:19718: result: yes
configure:19825: creating ./config.status

## ---------------------- ##
## Running config.status. ##
## ---------------------- ##

This file was extended by config.status, which was
generated by GNU Autoconf 2.59.  Invocation command line was

  CONFIG_FILES    = 
  CONFIG_HEADERS  = 
  CONFIG_LINKS    = 
  CONFIG_COMMANDS = 
  $ ./config.status 

on Halcyon

config.status:713: creating Makefile
config.status:713: creating src/Makefile
config.status:817: creating config.h
config.status:935: config.h is unchanged
config.status:1099: executing default-1 commands

## ---------------- ##
## Cache variables. ##
## ---------------- ##

ac_cv_build=i686-pc-linux-gnu
ac_cv_build_alias=i686-pc-linux-gnu
ac_cv_c_compiler_gnu=yes
ac_cv_c_const=yes
ac_cv_cxx_compiler_gnu=yes
ac_cv_env_CC_set=
ac_cv_env_CC_value=
ac_cv_env_CFLAGS_set=
ac_cv_env_CFLAGS_value=
ac_cv_env_CPPFLAGS_set=
ac_cv_env_CPPFLAGS_value=
ac_cv_env_CPP_set=
ac_cv_env_CPP_value=
ac_cv_env_CXXCPP_set=
ac_cv_env_CXXCPP_value=
ac_cv_env_CXXFLAGS_set=
ac_cv_env_CXXFLAGS_value=
ac_cv_env_CXX_set=
ac_cv_env_CXX_value=
ac_cv_env_F77_set=
ac_cv_env_F77_value=
ac_cv_env_FFLAGS_set=
ac_cv_env_FFLAGS_value=
ac_cv_env_LDFLAGS_set=
ac_cv_env_LDFLAGS_value=
ac_cv_env_build_alias_set=
ac_cv_env_build_alias_value=
ac_cv_env_host_alias_set=
ac_cv_env_host_alias_value=
ac_cv_env_target_alias_set=
ac_cv_env_target_alias_value=
ac_cv_exeext=
ac_cv_f77_compiler_gnu=no
ac_cv_func_strdup=yes
ac_cv_func_strerror=yes
ac_cv_func_strstr=yes
ac_cv_func_strtoul=yes
ac_cv_header_dlfcn_h=yes
ac_cv_header_inttypes_h=yes
ac_cv_header_memory_h=yes
ac_cv_header_stdc=yes
ac_cv_header_stdint_h=yes
ac_cv_header_stdlib_h=yes
ac_cv_header_string_h=yes
ac_cv_header_strings_h=yes
ac_cv_header_sys_stat_h=yes
ac_cv_header_sys_types_h=yes
ac_cv_header_unistd_h=yes
ac_cv_host=i686-pc-linux-gnu
ac_cv_host_alias=i686-pc-linux-gnu
ac_cv_objext=o
ac_cv_path_PKG_CONFIG=/usr/bin/pkg-config
ac_cv_path_install='/usr/bin/install -c'
ac_cv_prog_AWK=gawk
ac_cv_prog_CPP='gcc -E'
ac_cv_prog_CXXCPP='g++ -E'
ac_cv_prog_ac_ct_AR=ar
ac_cv_prog_ac_ct_CC=gcc
ac_cv_prog_ac_ct_CXX=g++
ac_cv_prog_ac_ct_RANLIB=ranlib
ac_cv_prog_ac_ct_STRIP=strip
ac_cv_prog_cc_g=yes
ac_cv_prog_cc_stdc=
ac_cv_prog_cxx_g=yes
ac_cv_prog_egrep='grep -E'
ac_cv_prog_f77_g=no
ac_cv_prog_make_make_set=yes
ac_cv_type_size_t=yes
am_cv_CC_dependencies_compiler_type=gcc3
am_cv_CXX_dependencies_compiler_type=gcc3
lt_cv_cc_64bit_output=no
lt_cv_deplibs_check_method=pass_all
lt_cv_file_magic_cmd='$MAGIC_CMD'
lt_cv_file_magic_test_file='/lib/libc.so.6 /lib/libc-2.3.4.so'
lt_cv_ld_reload_flag=-r
lt_cv_objdir=.libs
lt_cv_path_LD=/usr/i686-pc-linux-gnu/bin/ld
lt_cv_path_NM='/usr/bin/nm -B'
lt_cv_path_SED=/usr/bin/sed
lt_cv_prog_compiler_c_o=yes
lt_cv_prog_compiler_rtti_exceptions=no
lt_cv_prog_gnu_ld=yes
lt_cv_sys_global_symbol_pipe='sed -n -e '\''s/^.*[ 	]\([ABCDGIRSTW][ABCDGIRSTW]*\)[ 	][ 	]*\(\)\([_A-Za-z][_A-Za-z0-9]*\)$/\1 \2\3 \3/p'\'''
lt_cv_sys_global_symbol_to_c_name_address='sed -n -e '\''s/^: \([^ ]*\) $/  {\"\1\", (lt_ptr) 0},/p'\'' -e '\''s/^[BCDEGRST] \([^ ]*\) \([^ ]*\)$/  {"\2", (lt_ptr) \&\2},/p'\'''
lt_cv_sys_global_symbol_to_cdecl='sed -n -e '\''s/^. .* \(.*\)$/extern int \1;/p'\'''
lt_cv_sys_max_cmd_len=32768

## ----------------- ##
## Output variables. ##
## ----------------- ##

ACLOCAL='${SHELL} /home/jason/packages/gaym-working/missing --run aclocal'
AMDEPBACKSLASH='\'
AMDEP_FALSE='#'
AMDEP_TRUE=''
AMTAR='${SHELL} /home/jason/packages/gaym-working/missing --run tar'
AR='ar'
AUTOCONF='${SHELL} /home/jason/packages/gaym-working/missing --run autoconf'
AUTOHEADER='${SHELL} /home/jason/packages/gaym-working/missing --run autoheader'
AUTOMAKE='${SHELL} /home/jason/packages/gaym-working/missing --run automake'
AWK='gawk'
CC='gcc'
CCDEPMODE='depmode=gcc3'
CFLAGS='-g -O2'
CPP='gcc -E'
CPPFLAGS=''
CXX='g++'
CXXCPP='g++ -E'
CXXDEPMODE='depmode=gcc3'
CXXFLAGS='-g -O2'
DEFS='-DHAVE_CONFIG_H'
DEPDIR='.deps'
ECHO='echo'
ECHO_C=''
ECHO_N='-n'
ECHO_T=''
EGREP='grep -E'
EXEEXT=''
F77=''
FFLAGS=''
GLIB_CFLAGS='-I/usr/include/glib-2.0 -I/usr/lib/glib-2.0/include  '
GLIB_GENMARSHAL='glib-genmarshal'
GLIB_LIBS='-lglib-2.0  '
GLIB_MKENUMS='glib-mkenums'
GOBJECT_QUERY='gobject-query'
INSTALL_DATA='${INSTALL} -m 644'
INSTALL_PROGRAM='${INSTALL}'
INSTALL_SCRIPT='${INSTALL}'
INSTALL_STRIP_PROGRAM='${SHELL} $(install_sh) -c -s'
LDFLAGS=''
LIBOBJS=''
LIBS=''
LIBTOOL='$(SHELL) $(top_builddir)/libtool'
LN_S='ln -s'
LTLIBOBJS=''
MAKEINFO='${SHELL} /home/jason/packages/gaym-working/missing --run makeinfo'
OBJEXT='o'
PACKAGE='AC_PACKAGE_NAME'
PACKAGE_BUGREPORT=''
PACKAGE_NAME=''
PACKAGE_STRING=''
PACKAGE_TARNAME=''
PACKAGE_VERSION=''
PATH_SEPARATOR=':'
PKG_CONFIG='/usr/bin/pkg-config'
RANLIB='ranlib'
SET_MAKE=''
SHELL='/bin/sh'
STRIP='strip'
VERSION='AC_PACKAGE_VERSION'
ac_ct_AR='ar'
ac_ct_CC='gcc'
ac_ct_CXX='g++'
ac_ct_F77=''
ac_ct_RANLIB='ranlib'
ac_ct_STRIP='strip'
am__include='include'
am__quote=''
bindir='${exec_prefix}/bin'
build='i686-pc-linux-gnu'
build_alias=''
build_cpu='i686'
build_os='linux-gnu'
build_vendor='pc'
datadir='${prefix}/share'
exec_prefix='${prefix}'
host='i686-pc-linux-gnu'
host_alias=''
host_cpu='i686'
host_os='linux-gnu'
host_vendor='pc'
includedir='${prefix}/include'
infodir='${prefix}/info'
install_sh='/home/jason/packages/gaym-working/install-sh'
libdir='${exec_prefix}/lib'
libexecdir='${exec_prefix}/libexec'
localstatedir='${prefix}/var'
mandir='${prefix}/man'
oldincludedir='/usr/include'
prefix='/usr'
program_transform_name='s,x,x,'
sbindir='${exec_prefix}/sbin'
sharedstatedir='${prefix}/com'
sysconfdir='${prefix}/etc'
target_alias=''

## ----------- ##
## confdefs.h. ##
## ----------- ##

#define GAIM_PLUGINS 1
#define HAVE_DLFCN_H 1
#define HAVE_INTTYPES_H 1
#define HAVE_MEMORY_H 1
#define HAVE_STDINT_H 1
#define HAVE_STDLIB_H 1
#define HAVE_STRDUP 1
#define HAVE_STRERROR 1
#define HAVE_STRINGS_H 1
#define HAVE_STRING_H 1
#define HAVE_STRSTR 1
#define HAVE_STRTOUL 1
#define HAVE_SYS_STAT_H 1
#define HAVE_SYS_TYPES_H 1
#define HAVE_UNISTD_H 1
#define PACKAGE "AC_PACKAGE_NAME"
#define PACKAGE_BUGREPORT ""
#define PACKAGE_NAME ""
#define PACKAGE_STRING ""
#define PACKAGE_TARNAME ""
#define PACKAGE_VERSION ""
#define STDC_HEADERS 1
#define VERSION "AC_PACKAGE_VERSION"
#endif
#ifdef __cplusplus
extern "C" void std::exit (int) throw (); using std::exit;

configure: exit 0

## ---------------------- ##
## Running config.status. ##
## ---------------------- ##

This file was extended by config.status, which was
generated by GNU Autoconf 2.59.  Invocation command line was

  CONFIG_FILES    = 
  CONFIG_HEADERS  = config.h
  CONFIG_LINKS    = 
  CONFIG_COMMANDS = 
  $ ./config.status 

on Halcyon

config.status:817: creating config.h
config.status:935: config.h is unchanged
config.status:1099: executing default-1 commands
